<?xml version="1.0" encoding="UTF-8"?>
<!-- Generated by org.testng.reporters.JUnitReportReporter -->
<testsuite skipped="0" hostname="DESKTOP-MEKL5HB" name="com.inetBanking.testCases.TC_LoginTest_001" tests="1" failures="0" timestamp="2022-07-03T13:32:10 IST" time="3.043" errors="0">
  <testcase name="loginTest" time="3.043" classname="com.inetBanking.testCases.TC_LoginTest_001"/>
  <system-out/>
</testsuite> <!-- com.inetBanking.testCases.TC_LoginTest_001 -->
